TN:
SF:/home/sibo/Desktop/Year_2_B/Maharahot_hafhala/Assigment_2/Question_1/ttt.c
FN:107,120,isLegal
FN:122,131,draw
FN:133,154,isFinished
FN:16,80,main
FN:83,96,printBoard
FN:98,105,make_move
FNDA:13,isLegal
FNDA:80,draw
FNDA:90,isFinished
FNDA:16,main
FNDA:58,printBoard
FNDA:72,make_move
FNF:6
FNH:6
DA:16,16
DA:17,16
DA:18,0
DA:19,0
DA:20,0
DA:23,16
DA:24,3
DA:25,3
DA:29,13
DA:30,13
DA:31,13
DA:32,13
DA:34,130
DA:35,117
DA:38,13
DA:39,1
DA:40,1
DA:43,12
DA:44,90
DA:45,78
DA:46,46
DA:47,46
DA:48,46
DA:49,46
DA:50,46
DA:51,46
DA:52,46
DA:53,6
DA:54,6
DA:55,6
DA:57,40
DA:58,40
DA:59,40
DA:61,40
DA:62,8
DA:64,32
DA:65,32
DA:66,32
DA:69,12
DA:70,12
DA:71,2
DA:73,10
DA:74,6
DA:76,4
DA:79,12
DA:83,58
DA:84,232
DA:85,696
DA:86,522
DA:87,522
DA:88,348
DA:91,174
DA:92,174
DA:93,116
DA:96,58
DA:98,72
DA:99,72
DA:100,40
DA:102,32
DA:104,72
DA:107,13
DA:108,13
DA:110,121
DA:111,109
DA:112,109
DA:113,108
DA:115,1
DA:116,1
DA:119,12
DA:122,80
DA:123,102
DA:124,238
DA:125,216
DA:126,78
DA:130,2
DA:133,90
DA:134,342
DA:135,262
DA:136,10
DA:137,10
DA:139,252
DA:140,0
DA:141,0
DA:144,80
DA:145,0
DA:146,0
DA:148,80
DA:149,0
DA:150,0
DA:153,80
LF:90
LH:81
end_of_record
