TN:
SF:/home/sibo/Desktop/Year_2_B/Maharahot_hafhala/Assigment_2/Question_1/main.c
FN:107,120,isLegal
FN:122,131,draw
FN:133,154,isFinished
FN:16,80,main
FN:83,96,printBoard
FN:98,105,make_move
FNDA:50,isLegal
FNDA:305,draw
FNDA:352,isFinished
FNDA:63,main
FNDA:232,printBoard
FNDA:0,make_move
FNF:6
FNH:5
DA:16,63
DA:17,63
DA:18,3
DA:19,3
DA:20,3
DA:23,60
DA:24,10
DA:25,10
DA:30,50
DA:32,50
DA:34,500
DA:35,450
DA:38,50
DA:39,0
DA:40,0
DA:44,352
DA:45,302
DA:46,182
DA:47,182
DA:48,182
DA:49,182
DA:50,182
DA:52,182
DA:53,24
DA:54,24
DA:55,24
DA:57,158
DA:58,158
DA:59,158
DA:61,135
DA:62,15
DA:64,120
DA:65,120
DA:66,120
DA:69,50
DA:70,50
DA:71,3
DA:73,47
DA:74,35
DA:76,12
DA:83,232
DA:84,928
DA:85,2784
DA:86,2088
DA:87,2088
DA:88,1392
DA:91,696
DA:92,696
DA:93,464
DA:96,232
DA:98,0
DA:99,158
DA:100,158
DA:102,120
DA:104,0
DA:107,50
DA:108,50
DA:110,500
DA:111,450
DA:112,450
DA:113,450
DA:115,0
DA:116,0
DA:122,305
DA:123,346
DA:124,730
DA:125,689
DA:133,352
DA:134,1337
DA:135,1032
DA:136,46
DA:137,46
DA:139,986
DA:140,1
DA:141,1
DA:144,305
DA:145,0
DA:146,0
DA:148,305
DA:149,0
DA:150,0
DA:153,305
LF:82
LH:72
end_of_record
TN:
SF:/usr/include/stdlib.h
FNF:0
FNH:0
DA:483,182
LF:1
LH:1
end_of_record
